

         Inicio normal WARNING  22/12/2023 15:22 PM --- iniciando programa... 

DEBUG  15h 22m PM --- teste
DEBUG  15h 22m PM --- teste
DEBUG  15h 22m PM --- teste
DEBUG  15h 22m PM --- teste
DEBUG  15h 23m PM --- teste
DEBUG  15h 23m PM --- teste
DEBUG  15h 23m PM --- teste
root DEBUG  15h 23m PM --- teste
root DEBUG  15h 23m PM --- teste
Inicio normal DEBUG  15h 23m PM --- teste
root DEBUG  15h 23m PM --- teste
root DEBUG  15h 23m PM --- teste
root DEBUG  15h 23m PM --- teste
root DEBUG  15h 23m PM --- teste
root DEBUG  15h 24m PM --- teste
root DEBUG  15h 24m PM --- teste
root DEBUG  15h 24m PM --- teste
root DEBUG  15h 24m PM --- teste
root DEBUG  15h 24m PM --- teste
root DEBUG  15h 24m PM --- teste
Inicio normal WARNING  16h 12m PM --- 65498
